<?xml version="1.0" encoding="UTF-8"?>
<testsuite xmlns:xsi="http://www.w3.org/2001/XMLSchema-instance" xsi:noNamespaceSchemaLocation="https://maven.apache.org/surefire/maven-surefire-plugin/xsd/surefire-test-report-3.0.xsd" version="3.0" name="cucumber.RunCucumberTest" time="0.439" tests="1" errors="0" skipped="0" failures="0">
  <properties>
[...]
</properties>
  <testcase name="Check if file is in place and has data" classname="File validation" time="0.328">
    <system-out><![CDATA[
Scenario: Check if file is in place and has data      &amp#27;[90m# cucumber/FileValidation.feature:3&amp#27;[0m
  &amp#27;[32mGiven &amp#27;[0m&amp#27;[32ma file named &amp#27;[0m&amp#27;[32m&amp#27;[1m'purchase_orders.xls'&amp#27;[0m&amp#27;[32m exists&amp#27;[0m     &amp#27;[90m# cucumber.FileValidationSteps.fileNamedExists(java.lang.String)&amp#27;[0m
  &amp#27;[32mThen &amp#27;[0m&amp#27;[32mVerify that header have next headers&amp#27;[0m           &amp#27;[90m# cucumber.FileValidationSteps.verifyThatHeaderHaveNextHeaders(io.cucumber.datatable.DataTable)&amp#27;[0m
    | Buyer | Buyer | Buyer External ID | Sales Order |
  &amp#27;[32mAnd &amp#27;[0m&amp#27;[32mVerify that there is more than &amp#27;[0m&amp#27;[32m&amp#27;[1m10&amp#27;[0m&amp#27;[32m lines in file&amp#27;[0m &amp#27;[90m# cucumber.FileValidationSteps.verifyThatThereIsMoreThanLinesInFile(int)&amp#27;[0m
]]></system-out>
    <system-err><![CDATA[ERROR StatusLogger Log4j2 could not find a logging implementation. Please add log4j-core to the classpath. Using SimpleLogger to log to the console...
]]></system-err>
  </testcase>
</testsuite>