{
  "stats": {
    "suites": 1,
    "tests": 1,
    "passes": 1,
    "pending": 0,
    "failures": 0,
    "start": "2024-02-26T12:40:41.851Z",
    "end": "2024-02-26T12:40:49.444Z",
    "duration": 7593,
    "testsRegistered": 1,
    "passPercent": 100,
    "pendingPercent": 0,
    "other": 0,
    "hasOther": false,
    "skipped": 0,
    "hasSkipped": false
  },
  "results": [
    {
      "uuid": "edea0a92-7931-4112-839a-571c36e30f62",
      "title": "",
      "fullFile": "cypress\\e2e\\bankingproject.cy.js",
      "file": "cypress\\e2e\\bankingproject.cy.js",
      "beforeHooks": [],
      "afterHooks": [],
      "tests": [],
      "suites": [
        {
          "uuid": "6ccf39f1-c86b-40bd-b519-f66890d7ca54",
          "title": "test banking project",
          "fullFile": "",
          "file": "",
          "beforeHooks": [],
          "afterHooks": [],
          "tests": [
            {
              "title": "Login using the customer",
              "fullTitle": "test banking project Login using the customer",
              "timedOut": null,
              "duration": 7540,
              "state": "passed",
              "speed": "medium",
              "pass": true,
              "fail": false,
              "pending": false,
              "context": null,
              "code": "const loginpage = new _LoginPage.default();\nconst mainpage = new _MainPage.default();\nloginpage.loginAsCustomer();\nloginpage.selectCustomer(testdata.username);\nloginpage.clickLoginBtn();\nmainpage.clickDepositWidgetBtn();\nmainpage.depositAmount(100);\nmainpage.isMessageDisplayed('Deposit Successful');\nmainpage.depositAmount(10);\nmainpage.isMessageDisplayed('Deposit Successful');\nmainpage.depositAmount(5);\nmainpage.isMessageDisplayed('Deposit Successful');\nmainpage.isBalanceCorrect('115');\ncy.wait(4000); // waiter to be able to see transaction logs\nmainpage.clickTransactionWidget();\nmainpage.isTransactionTableVisible();\nmainpage.getTransactionAmountSum(115);",
              "err": {},
              "uuid": "a946ff6a-151f-4e10-8097-4ee055b1578c",
              "parentUUID": "6ccf39f1-c86b-40bd-b519-f66890d7ca54",
              "isHook": false,
              "skipped": false
            }
          ],
          "suites": [],
          "passes": [
            "a946ff6a-151f-4e10-8097-4ee055b1578c"
          ],
          "failures": [],
          "pending": [],
          "skipped": [],
          "duration": 7540,
          "root": false,
          "rootEmpty": false,
          "_timeout": 2000
        }
      ],
      "passes": [],
      "failures": [],
      "pending": [],
      "skipped": [],
      "duration": 0,
      "root": true,
      "rootEmpty": true,
      "_timeout": 2000
    }
  ],
  "meta": {
    "mocha": {
      "version": "7.0.1"
    },
    "mochawesome": {
      "options": {
        "quiet": false,
        "reportFilename": "mochawesome",
        "saveHtml": true,
        "saveJson": true,
        "consoleReporter": "spec",
        "useInlineDiffs": false,
        "code": true
      },
      "version": "7.1.3"
    },
    "marge": {
      "options": null,
      "version": "6.2.0"
    }
  }
}